Using pre-set license
Built from '2020.2/release' branch; Version is '2020.2.1f1 (270dd8c3da1c) revision 2559448'; Using compiler version '192528614'; Build Type 'Release'
OS: 'Windows 10  (10.0.0) 64bit' Language: 'en' Physical Memory: 8030 MB
BatchMode: 1, IsHumanControllingUs: 0, StartBugReporterOnCrash: 0, Is64bit: 1, IsPro: 0

 COMMAND LINE ARGUMENTS:
C:\Program Files\Unity\Hub\Editor\2020.2.1f1\Editor\Unity.exe
-adb2
-batchMode
-noUpm
-name
AssetImportWorker0
-projectPath
C:/Users/techn/Desktop/Design/260/Flappy Bird LWest
-logFile
Logs/AssetImportWorker0.log
-srvPort
52233
Successfully changed project path to: C:/Users/techn/Desktop/Design/260/Flappy Bird LWest
C:/Users/techn/Desktop/Design/260/Flappy Bird LWest
Using Asset Import Pipeline V2.
Refreshing native plugins compatible for Editor in 19.76 ms, found 0 plugins.
Preloading 0 native plugins for Editor in 0.00 ms.
Initialize engine version: 2020.2.1f1 (270dd8c3da1c)
[Subsystems] Discovering subsystems at path C:/Program Files/Unity/Hub/Editor/2020.2.1f1/Editor/Data/Resources/UnitySubsystems
[Subsystems] Discovering subsystems at path C:/Users/techn/Desktop/Design/260/Flappy Bird LWest/Assets
GfxDevice: creating device client; threaded=0
Direct3D:
    Version:  Direct3D 11.0 [level 11.1]
    Renderer: NVIDIA GeForce GTX 1660 Ti (ID=0x2191)
    Vendor:   
    VRAM:     5991 MB
    Driver:   27.21.14.5763
Initialize mono
Mono path[0] = 'C:/Program Files/Unity/Hub/Editor/2020.2.1f1/Editor/Data/Managed'
Mono path[1] = 'C:/Program Files/Unity/Hub/Editor/2020.2.1f1/Editor/Data/MonoBleedingEdge/lib/mono/unityjit'
Mono config path = 'C:/Program Files/Unity/Hub/Editor/2020.2.1f1/Editor/Data/MonoBleedingEdge/etc'
Using monoOptions --debugger-agent=transport=dt_socket,embedding=1,server=y,suspend=n,address=127.0.0.1:56180
Begin MonoManager ReloadAssembly
Registering precompiled unity dll's ...
Register platform support module: C:/Program Files/Unity/Hub/Editor/2020.2.1f1/Editor/Data/PlaybackEngines/WindowsStandaloneSupport/UnityEditor.WindowsStandalone.Extensions.dll
Registered in 0.001415 seconds.
Native extension for WindowsStandalone target not found
Refreshing native plugins compatible for Editor in 19.83 ms, found 0 plugins.
Preloading 0 native plugins for Editor in 0.00 ms.
Invoked RoslynAnalysisRunner static constructor.
RoslynAnalysisRunner will not be running.
RoslynAnalysisRunner has terminated.
Mono: successfully reloaded assembly
- Completed reload, in  0.878 seconds
Platform modules already initialized, skipping
Registering precompiled user dll's ...
Registered in 0.000691 seconds.
Begin MonoManager ReloadAssembly
Native extension for WindowsStandalone target not found
Refreshing native plugins compatible for Editor in 0.18 ms, found 0 plugins.
Preloading 0 native plugins for Editor in 0.00 ms.
Invoked RoslynAnalysisRunner static constructor.
RoslynAnalysisRunner will not be running.
RoslynAnalysisRunner has terminated.
Mono: successfully reloaded assembly
- Completed reload, in  0.652 seconds
Platform modules already initialized, skipping
========================================================================
Worker process is ready to serve import requests
Launched and connected shader compiler UnityShaderCompiler.exe after 0.04 seconds
Refreshing native plugins compatible for Editor in 0.29 ms, found 0 plugins.
Preloading 0 native plugins for Editor in 0.00 ms.
Unloading 1134 Unused Serialized files (Serialized files now loaded: 0)
System memory in use before: 57.2 MB.
System memory in use after: 57.2 MB.

Unloading 10 unused Assets to reduce memory usage. Loaded Objects now: 1574.
Total: 1.316400 ms (FindLiveObjects: 0.119300 ms CreateObjectMapping: 0.039300 ms MarkObjects: 1.107600 ms  DeleteObjects: 0.049500 ms)

========================================================================
Received Import Request.
  path: Assets/Scripts/GameControl.cs
  artifactKey: Guid(6ab59bff91e7c28489ffcda6a3947a7b) Importer(815301076,1909f56bfc062723c751e8b465ee728b)
Start importing Assets/Scripts/GameControl.cs using Guid(6ab59bff91e7c28489ffcda6a3947a7b) Importer(815301076,1909f56bfc062723c751e8b465ee728b)  -> (artifact id: '8871f71305537ec055f721c740062757') in 0.016450 seconds
  Import took 0.018255 seconds .

========================================================================
Received Prepare
Registering precompiled user dll's ...
Registered in 0.000533 seconds.
Begin MonoManager ReloadAssembly
Native extension for WindowsStandalone target not found
Refreshing native plugins compatible for Editor in 0.18 ms, found 0 plugins.
Preloading 0 native plugins for Editor in 0.00 ms.
Invoked RoslynAnalysisRunner static constructor.
RoslynAnalysisRunner will not be running.
RoslynAnalysisRunner has terminated.
Mono: successfully reloaded assembly
- Completed reload, in  0.621 seconds
Platform modules already initialized, skipping
Refreshing native plugins compatible for Editor in 0.18 ms, found 0 plugins.
Preloading 0 native plugins for Editor in 0.00 ms.
Unloading 1129 Unused Serialized files (Serialized files now loaded: 0)
System memory in use before: 57.2 MB.
System memory in use after: 57.3 MB.

Unloading 5 unused Assets to reduce memory usage. Loaded Objects now: 1576.
Total: 1.295400 ms (FindLiveObjects: 0.117600 ms CreateObjectMapping: 0.031300 ms MarkObjects: 1.104700 ms  DeleteObjects: 0.041100 ms)

========================================================================
Received Prepare
Registering precompiled user dll's ...
Registered in 0.000638 seconds.
Begin MonoManager ReloadAssembly
Native extension for WindowsStandalone target not found
Refreshing native plugins compatible for Editor in 0.21 ms, found 0 plugins.
Preloading 0 native plugins for Editor in 0.00 ms.
Invoked RoslynAnalysisRunner static constructor.
RoslynAnalysisRunner will not be running.
RoslynAnalysisRunner has terminated.
Mono: successfully reloaded assembly
- Completed reload, in  0.678 seconds
Platform modules already initialized, skipping
Refreshing native plugins compatible for Editor in 0.35 ms, found 0 plugins.
Preloading 0 native plugins for Editor in 0.00 ms.
Unloading 1129 Unused Serialized files (Serialized files now loaded: 0)
System memory in use before: 57.3 MB.
System memory in use after: 57.4 MB.

Unloading 5 unused Assets to reduce memory usage. Loaded Objects now: 1578.
Total: 1.650500 ms (FindLiveObjects: 0.140600 ms CreateObjectMapping: 0.041200 ms MarkObjects: 1.421200 ms  DeleteObjects: 0.046500 ms)

========================================================================
Received Prepare
Registering precompiled user dll's ...
Registered in 0.000534 seconds.
Begin MonoManager ReloadAssembly
Native extension for WindowsStandalone target not found
Refreshing native plugins compatible for Editor in 0.19 ms, found 0 plugins.
Preloading 0 native plugins for Editor in 0.00 ms.
Invoked RoslynAnalysisRunner static constructor.
RoslynAnalysisRunner will not be running.
RoslynAnalysisRunner has terminated.
Mono: successfully reloaded assembly
- Completed reload, in  0.600 seconds
Platform modules already initialized, skipping
Refreshing native plugins compatible for Editor in 0.20 ms, found 0 plugins.
Preloading 0 native plugins for Editor in 0.00 ms.
Unloading 1129 Unused Serialized files (Serialized files now loaded: 0)
System memory in use before: 57.4 MB.
System memory in use after: 57.5 MB.

Unloading 5 unused Assets to reduce memory usage. Loaded Objects now: 1580.
Total: 1.370200 ms (FindLiveObjects: 0.145400 ms CreateObjectMapping: 0.031000 ms MarkObjects: 1.124000 ms  DeleteObjects: 0.069100 ms)

========================================================================
Received Prepare
Registering precompiled user dll's ...
Registered in 0.000518 seconds.
Begin MonoManager ReloadAssembly
Native extension for WindowsStandalone target not found
Refreshing native plugins compatible for Editor in 0.18 ms, found 0 plugins.
Preloading 0 native plugins for Editor in 0.00 ms.
Invoked RoslynAnalysisRunner static constructor.
RoslynAnalysisRunner will not be running.
RoslynAnalysisRunner has terminated.
Mono: successfully reloaded assembly
- Completed reload, in  0.600 seconds
Platform modules already initialized, skipping
Refreshing native plugins compatible for Editor in 0.18 ms, found 0 plugins.
Preloading 0 native plugins for Editor in 0.00 ms.
Unloading 1129 Unused Serialized files (Serialized files now loaded: 0)
System memory in use before: 57.5 MB.
System memory in use after: 57.6 MB.

Unloading 5 unused Assets to reduce memory usage. Loaded Objects now: 1582.
Total: 1.333700 ms (FindLiveObjects: 0.115000 ms CreateObjectMapping: 0.033300 ms MarkObjects: 1.153600 ms  DeleteObjects: 0.031300 ms)

========================================================================
Received Import Request.
  Time since last request: 1169.912950 seconds.
  path: Assets/Scripts/Bird.cs
  artifactKey: Guid(26309a2b749308345949e25ed5630061) Importer(815301076,1909f56bfc062723c751e8b465ee728b)
Start importing Assets/Scripts/Bird.cs using Guid(26309a2b749308345949e25ed5630061) Importer(815301076,1909f56bfc062723c751e8b465ee728b)  -> (artifact id: '51a44312e6e84cc717bfa61652046f4c') in 0.012181 seconds
  Import took 0.014299 seconds .

========================================================================
Received Prepare
Registering precompiled user dll's ...
Registered in 0.000523 seconds.
Begin MonoManager ReloadAssembly
Native extension for WindowsStandalone target not found
Refreshing native plugins compatible for Editor in 0.18 ms, found 0 plugins.
Preloading 0 native plugins for Editor in 0.00 ms.
Invoked RoslynAnalysisRunner static constructor.
RoslynAnalysisRunner will not be running.
RoslynAnalysisRunner has terminated.
Mono: successfully reloaded assembly
- Completed reload, in  0.618 seconds
Platform modules already initialized, skipping
Refreshing native plugins compatible for Editor in 0.18 ms, found 0 plugins.
Preloading 0 native plugins for Editor in 0.00 ms.
Unloading 1129 Unused Serialized files (Serialized files now loaded: 0)
System memory in use before: 57.6 MB.
System memory in use after: 57.6 MB.

Unloading 5 unused Assets to reduce memory usage. Loaded Objects now: 1584.
Total: 1.267300 ms (FindLiveObjects: 0.154200 ms CreateObjectMapping: 0.046700 ms MarkObjects: 1.034700 ms  DeleteObjects: 0.031200 ms)

========================================================================
Received Import Request.
  Time since last request: 47.594715 seconds.
  path: Assets/Prefabs/Columns.prefab
  artifactKey: Guid(6443ee76a31a9d048906288ac6be2299) Importer(815301076,1909f56bfc062723c751e8b465ee728b)
Start importing Assets/Prefabs/Columns.prefab using Guid(6443ee76a31a9d048906288ac6be2299) Importer(815301076,1909f56bfc062723c751e8b465ee728b)  -> (artifact id: '0e8cec03a8576763ba199ae9f3614dfa') in 0.073328 seconds
  Import took 0.075495 seconds .

========================================================================
Received Import Request.
  Time since last request: 21.423246 seconds.
  path: Assets/Prefabs/Columns.prefab
  artifactKey: Guid(6443ee76a31a9d048906288ac6be2299) Importer(815301076,1909f56bfc062723c751e8b465ee728b)
Start importing Assets/Prefabs/Columns.prefab using Guid(6443ee76a31a9d048906288ac6be2299) Importer(815301076,1909f56bfc062723c751e8b465ee728b)  -> (artifact id: '3bfb3a9d9f213ab1561b5b30c94c4304') in 0.010033 seconds
  Import took 0.012586 seconds .

========================================================================
Received Import Request.
  Time since last request: 3.619034 seconds.
  path: Assets/Prefabs/Columns.prefab
  artifactKey: Guid(6443ee76a31a9d048906288ac6be2299) Importer(815301076,1909f56bfc062723c751e8b465ee728b)
Start importing Assets/Prefabs/Columns.prefab using Guid(6443ee76a31a9d048906288ac6be2299) Importer(815301076,1909f56bfc062723c751e8b465ee728b)  -> (artifact id: '0926f559f7df9051f3dabd6952b6777b') in 0.007563 seconds
  Import took 0.009434 seconds .

========================================================================
Received Prepare
Registering precompiled user dll's ...
Registered in 0.000595 seconds.
Begin MonoManager ReloadAssembly
Native extension for WindowsStandalone target not found
Refreshing native plugins compatible for Editor in 0.18 ms, found 0 plugins.
Preloading 0 native plugins for Editor in 0.00 ms.
Invoked RoslynAnalysisRunner static constructor.
RoslynAnalysisRunner will not be running.
RoslynAnalysisRunner has terminated.
Mono: successfully reloaded assembly
- Completed reload, in  0.610 seconds
Platform modules already initialized, skipping
Refreshing native plugins compatible for Editor in 0.18 ms, found 0 plugins.
Preloading 0 native plugins for Editor in 0.00 ms.
Unloading 1130 Unused Serialized files (Serialized files now loaded: 0)
System memory in use before: 60.8 MB.
System memory in use after: 60.9 MB.

Unloading 5 unused Assets to reduce memory usage. Loaded Objects now: 1594.
Total: 1.409500 ms (FindLiveObjects: 0.127600 ms CreateObjectMapping: 0.025500 ms MarkObjects: 1.190000 ms  DeleteObjects: 0.066000 ms)

========================================================================
Received Import Request.
  Time since last request: 17.150115 seconds.
  path: Assets/Prefabs/Columns.prefab
  artifactKey: Guid(6443ee76a31a9d048906288ac6be2299) Importer(815301076,1909f56bfc062723c751e8b465ee728b)
Start importing Assets/Prefabs/Columns.prefab using Guid(6443ee76a31a9d048906288ac6be2299) Importer(815301076,1909f56bfc062723c751e8b465ee728b)  -> (artifact id: 'c01cd840b925712ec0c330566e7da5c9') in 0.042300 seconds
  Import took 0.052785 seconds .

========================================================================
Received Import Request.
  Time since last request: 6.523850 seconds.
  path: Assets/Prefabs/Columns.prefab
  artifactKey: Guid(6443ee76a31a9d048906288ac6be2299) Importer(815301076,1909f56bfc062723c751e8b465ee728b)
Start importing Assets/Prefabs/Columns.prefab using Guid(6443ee76a31a9d048906288ac6be2299) Importer(815301076,1909f56bfc062723c751e8b465ee728b)  -> (artifact id: '46b4c4976738be248f5b32ff65e7d0ce') in 0.008947 seconds
  Import took 0.011216 seconds .

========================================================================
Received Import Request.
  Time since last request: 237.267937 seconds.
  path: Assets/Thaleah_PixelFont/Materials/Thaleah_DemoBackground.png
  artifactKey: Guid(b324a4685d480b346b084e8a5dbacbde) Importer(815301076,1909f56bfc062723c751e8b465ee728b)
Start importing Assets/Thaleah_PixelFont/Materials/Thaleah_DemoBackground.png using Guid(b324a4685d480b346b084e8a5dbacbde) Importer(815301076,1909f56bfc062723c751e8b465ee728b)  -> (artifact id: '162f4be6f6252678daf1022ef1388c3f') in 0.051081 seconds
  Import took 0.053338 seconds .

========================================================================
Received Prepare
Registering precompiled user dll's ...
Registered in 0.000622 seconds.
Begin MonoManager ReloadAssembly
Native extension for WindowsStandalone target not found
Refreshing native plugins compatible for Editor in 0.19 ms, found 0 plugins.
Preloading 0 native plugins for Editor in 0.00 ms.
Invoked RoslynAnalysisRunner static constructor.
RoslynAnalysisRunner will not be running.
RoslynAnalysisRunner has terminated.
Mono: successfully reloaded assembly
- Completed reload, in  0.679 seconds
Platform modules already initialized, skipping
Refreshing native plugins compatible for Editor in 0.21 ms, found 0 plugins.
Preloading 0 native plugins for Editor in 0.00 ms.
Unloading 1130 Unused Serialized files (Serialized files now loaded: 0)
System memory in use before: 60.9 MB.
System memory in use after: 61.0 MB.

Unloading 5 unused Assets to reduce memory usage. Loaded Objects now: 1600.
Total: 1.404500 ms (FindLiveObjects: 0.119300 ms CreateObjectMapping: 0.032100 ms MarkObjects: 1.215800 ms  DeleteObjects: 0.036600 ms)

========================================================================
Received Import Request.
  Time since last request: 42.331269 seconds.
  path: Assets/Prefabs/Columns.prefab
  artifactKey: Guid(6443ee76a31a9d048906288ac6be2299) Importer(815301076,1909f56bfc062723c751e8b465ee728b)
Start importing Assets/Prefabs/Columns.prefab using Guid(6443ee76a31a9d048906288ac6be2299) Importer(815301076,1909f56bfc062723c751e8b465ee728b)  -> (artifact id: 'ecebd286bf0047aebeef22ea431de9f7') in 0.049161 seconds
  Import took 0.059873 seconds .

========================================================================
Received Import Request.
  Time since last request: 5.514926 seconds.
  path: Assets/Prefabs/Columns.prefab
  artifactKey: Guid(6443ee76a31a9d048906288ac6be2299) Importer(815301076,1909f56bfc062723c751e8b465ee728b)
Start importing Assets/Prefabs/Columns.prefab using Guid(6443ee76a31a9d048906288ac6be2299) Importer(815301076,1909f56bfc062723c751e8b465ee728b)  -> (artifact id: '2f9d40f14777ce5b42af066b4332fa98') in 0.007228 seconds
  Import took 0.009449 seconds .

========================================================================
Received Import Request.
  Time since last request: 30.489531 seconds.
  path: Assets/Animation/Oof.anim
  artifactKey: Guid(5c8f545234d42fc478ad532124b46a6c) Importer(815301076,1909f56bfc062723c751e8b465ee728b)
Start importing Assets/Animation/Oof.anim using Guid(5c8f545234d42fc478ad532124b46a6c) Importer(815301076,1909f56bfc062723c751e8b465ee728b)  -> (artifact id: '254e6d31cdeedc2b71db80d6ab2c1f79') in 0.004457 seconds
  Import took 0.006625 seconds .

========================================================================
Received Import Request.
  Time since last request: 0.002106 seconds.
  path: Assets/Animation/Oof.anim
  artifactKey: Guid(5c8f545234d42fc478ad532124b46a6c) Importer(815301076,1909f56bfc062723c751e8b465ee728b)
Start importing Assets/Animation/Oof.anim using Guid(5c8f545234d42fc478ad532124b46a6c) Importer(815301076,1909f56bfc062723c751e8b465ee728b)  -> (artifact id: '254e6d31cdeedc2b71db80d6ab2c1f79') in 0.002867 seconds
  Import took 0.004991 seconds .

========================================================================
Received Import Request.
  Time since last request: 3680.699726 seconds.
  path: ProjectSettings/TagManager.asset
  artifactKey: Guid(00000000000000003000000000000000) Importer(815301076,1909f56bfc062723c751e8b465ee728b)
Start importing ProjectSettings/TagManager.asset using Guid(00000000000000003000000000000000) Importer(815301076,1909f56bfc062723c751e8b465ee728b)  -> (artifact id: '6ac2e16175fb67997d6f55f3abb82fe4') in 0.004855 seconds
  Import took 0.007073 seconds .

========================================================================
Received Import Request.
  Time since last request: 0.001466 seconds.
  path: ProjectSettings/TagManager.asset
  artifactKey: Guid(00000000000000003000000000000000) Importer(815301076,1909f56bfc062723c751e8b465ee728b)
Start importing ProjectSettings/TagManager.asset using Guid(00000000000000003000000000000000) Importer(815301076,1909f56bfc062723c751e8b465ee728b)  -> (artifact id: '6ac2e16175fb67997d6f55f3abb82fe4') in 0.002403 seconds
  Import took 0.004336 seconds .

========================================================================
Received Import Request.
  Time since last request: 41.655411 seconds.
  path: Assets/Prefabs/Columns.prefab
  artifactKey: Guid(6443ee76a31a9d048906288ac6be2299) Importer(815301076,1909f56bfc062723c751e8b465ee728b)
Start importing Assets/Prefabs/Columns.prefab using Guid(6443ee76a31a9d048906288ac6be2299) Importer(815301076,1909f56bfc062723c751e8b465ee728b)  -> (artifact id: '2caf94f79b5f276978951d1f134db8ac') in 0.018427 seconds
  Import took 0.020671 seconds .

========================================================================
Received Import Request.
  Time since last request: 3.456678 seconds.
  path: Assets/Prefabs/Columns.prefab
  artifactKey: Guid(6443ee76a31a9d048906288ac6be2299) Importer(815301076,1909f56bfc062723c751e8b465ee728b)
Start importing Assets/Prefabs/Columns.prefab using Guid(6443ee76a31a9d048906288ac6be2299) Importer(815301076,1909f56bfc062723c751e8b465ee728b)  -> (artifact id: '1396e5a82c2ccd1bf2771653732d6521') in 0.009749 seconds
  Import took 0.011583 seconds .

========================================================================
Received Import Request.
  Time since last request: 904.554428 seconds.
  path: Assets/Prefabs/Columns.prefab
  artifactKey: Guid(6443ee76a31a9d048906288ac6be2299) Importer(815301076,1909f56bfc062723c751e8b465ee728b)
Start importing Assets/Prefabs/Columns.prefab using Guid(6443ee76a31a9d048906288ac6be2299) Importer(815301076,1909f56bfc062723c751e8b465ee728b)  -> (artifact id: '727cc5d76c42935baa3d64229caad569') in 0.009985 seconds
  Import took 0.012301 seconds .

========================================================================
Received Import Request.
  Time since last request: 0.001515 seconds.
  path: Assets/Prefabs/Columns.prefab
  artifactKey: Guid(6443ee76a31a9d048906288ac6be2299) Importer(815301076,1909f56bfc062723c751e8b465ee728b)
Start importing Assets/Prefabs/Columns.prefab using Guid(6443ee76a31a9d048906288ac6be2299) Importer(815301076,1909f56bfc062723c751e8b465ee728b)  -> (artifact id: '727cc5d76c42935baa3d64229caad569') in 0.009539 seconds
  Import took 0.011246 seconds .

========================================================================
Received Prepare
Registering precompiled user dll's ...
Registered in 0.000557 seconds.
Begin MonoManager ReloadAssembly
Native extension for WindowsStandalone target not found
Refreshing native plugins compatible for Editor in 0.23 ms, found 0 plugins.
Preloading 0 native plugins for Editor in 0.00 ms.
Invoked RoslynAnalysisRunner static constructor.
RoslynAnalysisRunner will not be running.
RoslynAnalysisRunner has terminated.
Mono: successfully reloaded assembly
- Completed reload, in  0.632 seconds
Platform modules already initialized, skipping
Refreshing native plugins compatible for Editor in 0.18 ms, found 0 plugins.
Preloading 0 native plugins for Editor in 0.00 ms.
Unloading 1130 Unused Serialized files (Serialized files now loaded: 0)
System memory in use before: 61.0 MB.
System memory in use after: 61.1 MB.

Unloading 7 unused Assets to reduce memory usage. Loaded Objects now: 1603.
Total: 1.460800 ms (FindLiveObjects: 0.131800 ms CreateObjectMapping: 0.030100 ms MarkObjects: 1.239000 ms  DeleteObjects: 0.058900 ms)

========================================================================
Received Prepare
Registering precompiled user dll's ...
Registered in 0.000526 seconds.
Begin MonoManager ReloadAssembly
Native extension for WindowsStandalone target not found
Refreshing native plugins compatible for Editor in 0.18 ms, found 0 plugins.
Preloading 0 native plugins for Editor in 0.00 ms.
Invoked RoslynAnalysisRunner static constructor.
RoslynAnalysisRunner will not be running.
RoslynAnalysisRunner has terminated.
Mono: successfully reloaded assembly
- Completed reload, in  0.597 seconds
Platform modules already initialized, skipping
Refreshing native plugins compatible for Editor in 0.17 ms, found 0 plugins.
Preloading 0 native plugins for Editor in 0.00 ms.
Unloading 1130 Unused Serialized files (Serialized files now loaded: 0)
System memory in use before: 61.1 MB.
System memory in use after: 61.2 MB.

Unloading 5 unused Assets to reduce memory usage. Loaded Objects now: 1605.
Total: 1.436600 ms (FindLiveObjects: 0.159400 ms CreateObjectMapping: 0.026900 ms MarkObjects: 1.181900 ms  DeleteObjects: 0.067900 ms)

========================================================================
Received Prepare
Registering precompiled user dll's ...
Registered in 0.000546 seconds.
Begin MonoManager ReloadAssembly
Native extension for WindowsStandalone target not found
Refreshing native plugins compatible for Editor in 0.18 ms, found 0 plugins.
Preloading 0 native plugins for Editor in 0.00 ms.
Invoked RoslynAnalysisRunner static constructor.
RoslynAnalysisRunner will not be running.
RoslynAnalysisRunner has terminated.
Mono: successfully reloaded assembly
- Completed reload, in  0.597 seconds
Platform modules already initialized, skipping
Refreshing native plugins compatible for Editor in 0.20 ms, found 0 plugins.
Preloading 0 native plugins for Editor in 0.00 ms.
Unloading 1130 Unused Serialized files (Serialized files now loaded: 0)
System memory in use before: 61.2 MB.
System memory in use after: 61.2 MB.

Unloading 5 unused Assets to reduce memory usage. Loaded Objects now: 1607.
Total: 1.237600 ms (FindLiveObjects: 0.106900 ms CreateObjectMapping: 0.028200 ms MarkObjects: 1.070100 ms  DeleteObjects: 0.031900 ms)

========================================================================
Received Prepare
Registering precompiled user dll's ...
Registered in 0.000606 seconds.
Begin MonoManager ReloadAssembly
Native extension for WindowsStandalone target not found
Refreshing native plugins compatible for Editor in 0.24 ms, found 0 plugins.
Preloading 0 native plugins for Editor in 0.00 ms.
Invoked RoslynAnalysisRunner static constructor.
RoslynAnalysisRunner will not be running.
RoslynAnalysisRunner has terminated.
Mono: successfully reloaded assembly
- Completed reload, in  0.666 seconds
Platform modules already initialized, skipping
Refreshing native plugins compatible for Editor in 0.20 ms, found 0 plugins.
Preloading 0 native plugins for Editor in 0.00 ms.
Unloading 1130 Unused Serialized files (Serialized files now loaded: 0)
System memory in use before: 61.3 MB.
System memory in use after: 61.3 MB.

Unloading 5 unused Assets to reduce memory usage. Loaded Objects now: 1609.
Total: 1.398300 ms (FindLiveObjects: 0.137700 ms CreateObjectMapping: 0.038900 ms MarkObjects: 1.180900 ms  DeleteObjects: 0.039900 ms)

========================================================================
Received Import Request.
  Time since last request: 208.773104 seconds.
  path: Assets/Animation/Bird.controller
  artifactKey: Guid(5d0361e7a68a72b4e88f7bac23c19f65) Importer(815301076,1909f56bfc062723c751e8b465ee728b)
Start importing Assets/Animation/Bird.controller using Guid(5d0361e7a68a72b4e88f7bac23c19f65) Importer(815301076,1909f56bfc062723c751e8b465ee728b)  -> (artifact id: '4766f57e0f3ab49ae48578ac9e603000') in 0.013841 seconds
  Import took 0.016055 seconds .

========================================================================
Received Import Request.
  Time since last request: 0.001758 seconds.
  path: Assets/Animation/Bird.controller
  artifactKey: Guid(5d0361e7a68a72b4e88f7bac23c19f65) Importer(815301076,1909f56bfc062723c751e8b465ee728b)
Start importing Assets/Animation/Bird.controller using Guid(5d0361e7a68a72b4e88f7bac23c19f65) Importer(815301076,1909f56bfc062723c751e8b465ee728b)  -> (artifact id: '4766f57e0f3ab49ae48578ac9e603000') in 0.003981 seconds
  Import took 0.005927 seconds .

========================================================================
Received Prepare
Registering precompiled user dll's ...
Registered in 0.000577 seconds.
Begin MonoManager ReloadAssembly
Native extension for WindowsStandalone target not found
Refreshing native plugins compatible for Editor in 0.19 ms, found 0 plugins.
Preloading 0 native plugins for Editor in 0.00 ms.
Invoked RoslynAnalysisRunner static constructor.
RoslynAnalysisRunner will not be running.
RoslynAnalysisRunner has terminated.
Mono: successfully reloaded assembly
- Completed reload, in  0.673 seconds
Platform modules already initialized, skipping
Refreshing native plugins compatible for Editor in 0.34 ms, found 0 plugins.
Preloading 0 native plugins for Editor in 0.00 ms.
Unloading 1130 Unused Serialized files (Serialized files now loaded: 0)
System memory in use before: 61.3 MB.
System memory in use after: 61.4 MB.

Unloading 5 unused Assets to reduce memory usage. Loaded Objects now: 1611.
Total: 1.923300 ms (FindLiveObjects: 0.161200 ms CreateObjectMapping: 0.046500 ms MarkObjects: 1.657800 ms  DeleteObjects: 0.055700 ms)

========================================================================
Received Prepare
Registering precompiled user dll's ...
Registered in 0.000570 seconds.
Begin MonoManager ReloadAssembly
Native extension for WindowsStandalone target not found
Refreshing native plugins compatible for Editor in 0.18 ms, found 0 plugins.
Preloading 0 native plugins for Editor in 0.00 ms.
Invoked RoslynAnalysisRunner static constructor.
RoslynAnalysisRunner will not be running.
RoslynAnalysisRunner has terminated.
Mono: successfully reloaded assembly
- Completed reload, in  0.584 seconds
Platform modules already initialized, skipping
Refreshing native plugins compatible for Editor in 0.18 ms, found 0 plugins.
Preloading 0 native plugins for Editor in 0.00 ms.
Unloading 1130 Unused Serialized files (Serialized files now loaded: 0)
System memory in use before: 61.4 MB.
System memory in use after: 61.5 MB.

Unloading 5 unused Assets to reduce memory usage. Loaded Objects now: 1613.
Total: 1.310700 ms (FindLiveObjects: 0.114500 ms CreateObjectMapping: 0.032000 ms MarkObjects: 1.131100 ms  DeleteObjects: 0.032600 ms)

AssetImportWorkerClient::OnTransportError - code=2 error=End of file
